Wrong number of gramtags (S,m,persn | N,m) in аигустъ
Wrong number of gramtags (S,m,persn  | N,m,topn) in авдѡнъ
Wrong number of gramtags (S,m,persn | N,m) in авівъ
Wrong paradigm in вдѣжати: ""
Wrong paradigm in воздышати: ""
Wrong number of glosses (учреждать; узаконять || включать(?), помещать(?)) in вчинение
Wrong number of glosses (учреждать; узаконять || включать(?), помещать(?)) in вчинити
Wrong number of glosses (учреждать; узаконять || включать(?), помещать(?)) in вчиняти
Wrong paradigm in ѕлодышати: ""
Wrong paradigm in приздати: ""
Wrong paradigm in противодышати: ""
Wrong paradigm in передъ: ""
No paradigm named 0
No paradigm named 0
No paradigm named 0
No paradigm named 0
No paradigm named 0
No paradigm named 0
No paradigm named 0
No paradigm named 0
No paradigm named A2s
No paradigm named A2s
No paradigm named A2s
No paradigm named A2s
No paradigm named 0
No paradigm named 0
No paradigm named 0
No paradigm named 0
No paradigm named 0
No paradigm named 0
No paradigm named 0
No paradigm named 0
No paradigm named 0
No paradigm named 0
No paradigm named A2sj
No paradigm named A2sj
No paradigm named A2sj
No paradigm named A2sj
No paradigm named A2sj
No paradigm named A2sj
No paradigm named A2sj
No paradigm named A2sj
No paradigm named A2s
No paradigm named A2s
No paradigm named A1a
No paradigm named A1a
No paradigm named A2sj
No paradigm named A2sj
No paradigm named A2s
No paradigm named A2s
No paradigm named A1a
No paradigm named A1a
No paradigm named A2sj
No paradigm named A2sj
No paradigm named A2sj
No paradigm named A2sj
No paradigm named A2sj
No paradigm named A2sj
No paradigm named A2sj
No paradigm named A2sj
No paradigm named A2sj
No paradigm named A2sj
No paradigm named V11u
No paradigm named V11u
No paradigm named A2sj
No paradigm named A2sj
No paradigm named V11u
No paradigm named V11u
No paradigm named V11u
No paradigm named V11u
No paradigm named V14et
No paradigm named V14et
No paradigm named V11u
No paradigm named V11u
No paradigm named A2s
No paradigm named A2s
No paradigm named A2s
No paradigm named A2s
No paradigm named A2sj
No paradigm named A2sj
No paradigm named A2sj
No paradigm named A2sj
No paradigm named A2s
No paradigm named A2s
No paradigm named 0
No paradigm named 0
No paradigm named 0
No paradigm named 0
No paradigm named 0
No paradigm named 0
No paradigm named 0
No paradigm named 0
No paradigm named 0
No paradigm named 0
No paradigm named A2s
No paradigm named A2s
No paradigm named A2sj
No paradigm named A2sj
No paradigm named V14et
No paradigm named V14et
No paradigm named V11u
No paradigm named V11u
No paradigm named A2s
No paradigm named A2s
No paradigm named A2sj
No paradigm named A2sj
No paradigm named A2sj
No paradigm named A2sj
No paradigm named A2sj
No paradigm named A2sj
No paradigm named A2sj
No paradigm named A2sj
No paradigm named A2sj
No paradigm named A2sj
No paradigm named V11u
No paradigm named V11u
No paradigm named A2sj
No paradigm named A2sj
No paradigm named V11u
No paradigm named V11u
No paradigm named A2s
No paradigm named A2s
No paradigm named A2sj
No paradigm named A2sj
No paradigm named V14et
No paradigm named V14et
No paradigm named V14et
No paradigm named V14et
No paradigm named V14et
No paradigm named V14et
No paradigm named A2sj
No paradigm named A2sj
No paradigm named V14et
No paradigm named V14et
No paradigm named A2sj
No paradigm named A2sj
No paradigm named A2sj
No paradigm named A2sj
No paradigm named A2sj
No paradigm named A2sj
No paradigm named A2s
No paradigm named A2s
No paradigm named A2sj
No paradigm named A2sj
No paradigm named A2sj
No paradigm named A2sj
No paradigm named A2s
No paradigm named A2s
No paradigm named A2s
No paradigm named A2s
No paradigm named A2s
No paradigm named A2s
No paradigm named V14et
No paradigm named V14et
No paradigm named V14et
No paradigm named V14et
No paradigm named A2sj
No paradigm named A2sj
No paradigm named A2sj
No paradigm named A2sj
No paradigm named V11u
No paradigm named V11u
No paradigm named V14et
No paradigm named V14et
No paradigm named A2sj
No paradigm named A2sj
No paradigm named A2sj
No paradigm named A2sj
No paradigm named A1a
No paradigm named A1a
No paradigm named A2sj
No paradigm named A2sj
No paradigm named A2sj
No paradigm named A2sj
No paradigm named A2sj
No paradigm named A2sj
No paradigm named N
No paradigm named N
No paradigm named N
No paradigm named N
